Thu Feb  8 17:46:03 2024: Running xcd server. This server was built by gradle.
Thu Feb  8 17:46:03 2024: Server was asked to start on port: '42401'
Thu Feb  8 17:46:03 2024: Server is using token UUID: '9c53e654-350a-4c98-be18-e8b09d1a4609'
Thu Feb  8 17:46:03 2024: SESSION_MGR: creating session with session uuid: '6d04a3e9-ade5-4ab9-8d63-1f78fcd2ec76' and name 'default'
Thu Feb  8 17:46:03 2024: Attempting to start server on port '42401'
Thu Feb  8 17:46:03 2024: XCD main fifo: created main fifo '/tmp/xcdmain9c53e654-350a-4c98-be18-e8b09d1a4609', fd read = 14
Thu Feb  8 17:46:03 2024: Running Dispatch Server
Thu Feb  8 17:46:03 2024: Version 2.2.0
Thu Feb  8 17:46:11 2024: Dispatch Server: Accepted socket connection from client
Thu Feb  8 17:46:11 2024: Starting Socket connection
Thu Feb  8 17:46:11 2024: EXCHANGE_TOKEN received, server token: 9c53e654-350a-4c98-be18-e8b09d1a4609, passed token: 9c53e654-350a-4c98-be18-e8b09d1a4609
Thu Feb  8 17:46:12 2024: DISPATCH_HANDLER: Adding handler from function makeHandler in library libxv_system_diagram
Thu Feb  8 17:46:12 2024: SESSION_MGR: creating session with session uuid: 'aee8f623-4919-4c00-9245-e403643a7409' and name 'vadd'
Thu Feb  8 17:46:12 2024: KERNEL_SVC: creating session with uuid: 'aee8f623-4919-4c00-9245-e403643a7409' and name 'vadd'
Thu Feb  8 17:46:12 2024: GUIDANCE_SMGR: creating guidance session with uuid: 'aee8f623-4919-4c00-9245-e403643a7409' and name 'vadd'
Thu Feb  8 17:46:12 2024: SYSTEM_DIAGRAM: creating session with uuid: 'aee8f623-4919-4c00-9245-e403643a7409' and name 'vadd'
Thu Feb  8 17:46:34 2024: SESSION_MGR: closing session for UUID 'aee8f623-4919-4c00-9245-e403643a7409' with name 'vadd'
Thu Feb  8 17:46:34 2024: KERNEL_SVC: closing session for UUID 'aee8f623-4919-4c00-9245-e403643a7409' with name 'vadd'
Thu Feb  8 17:46:34 2024: GUIDANCE_SMGR: closing session for UUID 'aee8f623-4919-4c00-9245-e403643a7409' with name 'vadd'
Thu Feb  8 17:46:34 2024: SYSTEM_DIAGRAM: closing session for UUID 'aee8f623-4919-4c00-9245-e403643a7409' with name 'vadd'
Thu Feb  8 17:46:34 2024: STOP_SERVER received, server token: 9c53e654-350a-4c98-be18-e8b09d1a4609, passed token: 9c53e654-350a-4c98-be18-e8b09d1a4609
Thu Feb  8 17:46:34 2024: Socket received request to stop server.
Thu Feb  8 17:46:34 2024: Dispatch Server: do_await_stop
Thu Feb  8 17:46:34 2024: Dispatch Server: stopping mainFifo_
Thu Feb  8 17:46:34 2024: XCD main fifo: Stopping
Thu Feb  8 17:46:34 2024: XCD main fifo: do_read error code: Operation canceled
Thu Feb  8 17:46:34 2024: XCD main fifo: bytes_transferred: 0
Thu Feb  8 17:46:34 2024: SERVER: destructor for server bound to port 42401
Thu Feb  8 17:46:34 2024: XCD main fifo: Good unlink of /tmp/xcdmain9c53e654-350a-4c98-be18-e8b09d1a4609
Thu Feb  8 17:46:34 2024: Server exiting with status 0.
Thu Feb  8 17:46:34 2024: Closing log file.
Thu Feb  8 17:47:33 2024: Running xcd server. This server was built by gradle.
Thu Feb  8 17:47:33 2024: Server was asked to start on port: '32963'
Thu Feb  8 17:47:33 2024: Server is using token UUID: '99b86d99-44a6-4886-928c-2d8b9e766d25'
Thu Feb  8 17:47:33 2024: SESSION_MGR: creating session with session uuid: '6d04a3e9-ade5-4ab9-8d63-1f78fcd2ec76' and name 'default'
Thu Feb  8 17:47:33 2024: Attempting to start server on port '32963'
Thu Feb  8 17:47:33 2024: XCD main fifo: created main fifo '/tmp/xcdmain99b86d99-44a6-4886-928c-2d8b9e766d25', fd read = 14
Thu Feb  8 17:47:33 2024: Running Dispatch Server
Thu Feb  8 17:47:33 2024: Version 2.2.0
Thu Feb  8 17:47:41 2024: Dispatch Server: Accepted socket connection from client
Thu Feb  8 17:47:41 2024: Starting Socket connection
Thu Feb  8 17:47:41 2024: EXCHANGE_TOKEN received, server token: 99b86d99-44a6-4886-928c-2d8b9e766d25, passed token: 99b86d99-44a6-4886-928c-2d8b9e766d25
Thu Feb  8 17:47:42 2024: DISPATCH_HANDLER: Adding handler from function makeHandler in library libxv_system_diagram
Thu Feb  8 17:47:42 2024: SESSION_MGR: creating session with session uuid: '0505d4aa-a8a3-4fd2-90e1-4ad77e2e02dd' and name 'vadd'
Thu Feb  8 17:47:42 2024: KERNEL_SVC: creating session with uuid: '0505d4aa-a8a3-4fd2-90e1-4ad77e2e02dd' and name 'vadd'
Thu Feb  8 17:47:42 2024: GUIDANCE_SMGR: creating guidance session with uuid: '0505d4aa-a8a3-4fd2-90e1-4ad77e2e02dd' and name 'vadd'
Thu Feb  8 17:47:42 2024: SYSTEM_DIAGRAM: creating session with uuid: '0505d4aa-a8a3-4fd2-90e1-4ad77e2e02dd' and name 'vadd'
Thu Feb  8 17:48:06 2024: SESSION_MGR: closing session for UUID '0505d4aa-a8a3-4fd2-90e1-4ad77e2e02dd' with name 'vadd'
Thu Feb  8 17:48:06 2024: KERNEL_SVC: closing session for UUID '0505d4aa-a8a3-4fd2-90e1-4ad77e2e02dd' with name 'vadd'
Thu Feb  8 17:48:06 2024: GUIDANCE_SMGR: closing session for UUID '0505d4aa-a8a3-4fd2-90e1-4ad77e2e02dd' with name 'vadd'
Thu Feb  8 17:48:06 2024: SYSTEM_DIAGRAM: closing session for UUID '0505d4aa-a8a3-4fd2-90e1-4ad77e2e02dd' with name 'vadd'
Thu Feb  8 17:48:06 2024: STOP_SERVER received, server token: 99b86d99-44a6-4886-928c-2d8b9e766d25, passed token: 99b86d99-44a6-4886-928c-2d8b9e766d25
Thu Feb  8 17:48:06 2024: Socket received request to stop server.
Thu Feb  8 17:48:06 2024: Dispatch Server: do_await_stop
Thu Feb  8 17:48:06 2024: Dispatch Server: stopping mainFifo_
Thu Feb  8 17:48:06 2024: XCD main fifo: Stopping
Thu Feb  8 17:48:06 2024: XCD main fifo: do_read error code: Operation canceled
Thu Feb  8 17:48:06 2024: XCD main fifo: bytes_transferred: 0
Thu Feb  8 17:48:06 2024: SERVER: destructor for server bound to port 32963
Thu Feb  8 17:48:06 2024: XCD main fifo: Good unlink of /tmp/xcdmain99b86d99-44a6-4886-928c-2d8b9e766d25
Thu Feb  8 17:48:06 2024: Server exiting with status 0.
Thu Feb  8 17:48:06 2024: Closing log file.
Thu Feb  8 17:48:49 2024: Running xcd server. This server was built by gradle.
Thu Feb  8 17:48:49 2024: Server was asked to start on port: '35125'
Thu Feb  8 17:48:49 2024: Server is using token UUID: '9856335c-313f-4f4f-a21c-d8b02b8203a3'
Thu Feb  8 17:48:49 2024: SESSION_MGR: creating session with session uuid: '6d04a3e9-ade5-4ab9-8d63-1f78fcd2ec76' and name 'default'
Thu Feb  8 17:48:49 2024: Attempting to start server on port '35125'
Thu Feb  8 17:48:49 2024: XCD main fifo: created main fifo '/tmp/xcdmain9856335c-313f-4f4f-a21c-d8b02b8203a3', fd read = 14
Thu Feb  8 17:48:49 2024: Running Dispatch Server
Thu Feb  8 17:48:49 2024: Version 2.2.0
Thu Feb  8 17:48:57 2024: Dispatch Server: Accepted socket connection from client
Thu Feb  8 17:48:57 2024: Starting Socket connection
Thu Feb  8 17:48:57 2024: EXCHANGE_TOKEN received, server token: 9856335c-313f-4f4f-a21c-d8b02b8203a3, passed token: 9856335c-313f-4f4f-a21c-d8b02b8203a3
Thu Feb  8 17:48:59 2024: DISPATCH_HANDLER: Adding handler from function makeHandler in library libxv_system_diagram
Thu Feb  8 17:48:59 2024: SESSION_MGR: creating session with session uuid: '51a3dae5-53fd-41e3-a81b-60beaa1b0d9a' and name 'vadd'
Thu Feb  8 17:48:59 2024: KERNEL_SVC: creating session with uuid: '51a3dae5-53fd-41e3-a81b-60beaa1b0d9a' and name 'vadd'
Thu Feb  8 17:48:59 2024: GUIDANCE_SMGR: creating guidance session with uuid: '51a3dae5-53fd-41e3-a81b-60beaa1b0d9a' and name 'vadd'
Thu Feb  8 17:48:59 2024: SYSTEM_DIAGRAM: creating session with uuid: '51a3dae5-53fd-41e3-a81b-60beaa1b0d9a' and name 'vadd'
Thu Feb  8 17:52:24 2024: SESSION_MGR: closing session for UUID '51a3dae5-53fd-41e3-a81b-60beaa1b0d9a' with name 'vadd'
Thu Feb  8 17:52:24 2024: KERNEL_SVC: closing session for UUID '51a3dae5-53fd-41e3-a81b-60beaa1b0d9a' with name 'vadd'
Thu Feb  8 17:52:24 2024: GUIDANCE_SMGR: closing session for UUID '51a3dae5-53fd-41e3-a81b-60beaa1b0d9a' with name 'vadd'
Thu Feb  8 17:52:24 2024: SYSTEM_DIAGRAM: closing session for UUID '51a3dae5-53fd-41e3-a81b-60beaa1b0d9a' with name 'vadd'
Thu Feb  8 17:52:24 2024: STOP_SERVER received, server token: 9856335c-313f-4f4f-a21c-d8b02b8203a3, passed token: 9856335c-313f-4f4f-a21c-d8b02b8203a3
Thu Feb  8 17:52:24 2024: Socket received request to stop server.
Thu Feb  8 17:52:24 2024: Dispatch Server: do_await_stop
Thu Feb  8 17:52:24 2024: Dispatch Server: stopping mainFifo_
Thu Feb  8 17:52:24 2024: XCD main fifo: Stopping
Thu Feb  8 17:52:24 2024: XCD main fifo: do_read error code: Operation canceled
Thu Feb  8 17:52:24 2024: XCD main fifo: bytes_transferred: 0
Thu Feb  8 17:52:24 2024: SERVER: destructor for server bound to port 35125
Thu Feb  8 17:52:24 2024: XCD main fifo: Good unlink of /tmp/xcdmain9856335c-313f-4f4f-a21c-d8b02b8203a3
Thu Feb  8 17:52:24 2024: Server exiting with status 0.
Thu Feb  8 17:52:24 2024: Closing log file.
Thu Feb  8 18:23:08 2024: Running xcd server. This server was built by gradle.
Thu Feb  8 18:23:08 2024: Server was asked to start on port: '33233'
Thu Feb  8 18:23:08 2024: Server is using token UUID: '42f73f13-9574-445c-bc47-c6ff6cfc6e3a'
Thu Feb  8 18:23:08 2024: SESSION_MGR: creating session with session uuid: '6d04a3e9-ade5-4ab9-8d63-1f78fcd2ec76' and name 'default'
Thu Feb  8 18:23:08 2024: Attempting to start server on port '33233'
Thu Feb  8 18:23:08 2024: XCD main fifo: created main fifo '/tmp/xcdmain42f73f13-9574-445c-bc47-c6ff6cfc6e3a', fd read = 14
Thu Feb  8 18:23:08 2024: Running Dispatch Server
Thu Feb  8 18:23:08 2024: Version 2.2.0
Thu Feb  8 18:23:16 2024: Dispatch Server: Accepted socket connection from client
Thu Feb  8 18:23:16 2024: Starting Socket connection
Thu Feb  8 18:23:16 2024: EXCHANGE_TOKEN received, server token: 42f73f13-9574-445c-bc47-c6ff6cfc6e3a, passed token: 42f73f13-9574-445c-bc47-c6ff6cfc6e3a
Thu Feb  8 18:23:18 2024: DISPATCH_HANDLER: Adding handler from function makeHandler in library libxv_system_diagram
Thu Feb  8 18:23:18 2024: SESSION_MGR: creating session with session uuid: '92531eeb-400b-4967-98ed-36b045c1be6a' and name 'vadd'
Thu Feb  8 18:23:18 2024: KERNEL_SVC: creating session with uuid: '92531eeb-400b-4967-98ed-36b045c1be6a' and name 'vadd'
Thu Feb  8 18:23:18 2024: GUIDANCE_SMGR: creating guidance session with uuid: '92531eeb-400b-4967-98ed-36b045c1be6a' and name 'vadd'
Thu Feb  8 18:23:18 2024: SYSTEM_DIAGRAM: creating session with uuid: '92531eeb-400b-4967-98ed-36b045c1be6a' and name 'vadd'
Thu Feb  8 18:26:48 2024: SESSION_MGR: closing session for UUID '92531eeb-400b-4967-98ed-36b045c1be6a' with name 'vadd'
Thu Feb  8 18:26:48 2024: KERNEL_SVC: closing session for UUID '92531eeb-400b-4967-98ed-36b045c1be6a' with name 'vadd'
Thu Feb  8 18:26:48 2024: GUIDANCE_SMGR: closing session for UUID '92531eeb-400b-4967-98ed-36b045c1be6a' with name 'vadd'
Thu Feb  8 18:26:48 2024: SYSTEM_DIAGRAM: closing session for UUID '92531eeb-400b-4967-98ed-36b045c1be6a' with name 'vadd'
Thu Feb  8 18:26:48 2024: STOP_SERVER received, server token: 42f73f13-9574-445c-bc47-c6ff6cfc6e3a, passed token: 42f73f13-9574-445c-bc47-c6ff6cfc6e3a
Thu Feb  8 18:26:48 2024: Socket received request to stop server.
Thu Feb  8 18:26:48 2024: Dispatch Server: do_await_stop
Thu Feb  8 18:26:48 2024: Dispatch Server: stopping mainFifo_
Thu Feb  8 18:26:48 2024: XCD main fifo: Stopping
Thu Feb  8 18:26:48 2024: XCD main fifo: do_read error code: Operation canceled
Thu Feb  8 18:26:48 2024: XCD main fifo: bytes_transferred: 0
Thu Feb  8 18:26:48 2024: SERVER: destructor for server bound to port 33233
Thu Feb  8 18:26:48 2024: XCD main fifo: Good unlink of /tmp/xcdmain42f73f13-9574-445c-bc47-c6ff6cfc6e3a
Thu Feb  8 18:26:48 2024: Server exiting with status 0.
Thu Feb  8 18:26:48 2024: Closing log file.
