Thu Feb  8 17:48:13 2024: Running xcd server. This server was built by gradle.
Thu Feb  8 17:48:13 2024: Server was asked to start on port: '34525'
Thu Feb  8 17:48:13 2024: Server is using token UUID: 'a20755ce-0cbf-4022-96fb-97f110e0152e'
Thu Feb  8 17:48:13 2024: SESSION_MGR: creating session with session uuid: '6d04a3e9-ade5-4ab9-8d63-1f78fcd2ec76' and name 'default'
Thu Feb  8 17:48:13 2024: Attempting to start server on port '34525'
Thu Feb  8 17:48:13 2024: XCD main fifo: created main fifo '/tmp/xcdmaina20755ce-0cbf-4022-96fb-97f110e0152e', fd read = 14
Thu Feb  8 17:48:13 2024: Running Dispatch Server
Thu Feb  8 17:48:13 2024: Version 2.2.0
Thu Feb  8 17:48:21 2024: Dispatch Server: Accepted socket connection from client
Thu Feb  8 17:48:21 2024: Starting Socket connection
Thu Feb  8 17:48:21 2024: EXCHANGE_TOKEN received, server token: a20755ce-0cbf-4022-96fb-97f110e0152e, passed token: a20755ce-0cbf-4022-96fb-97f110e0152e
Thu Feb  8 17:48:22 2024: DISPATCH_HANDLER: Adding handler from function makeHandler in library libxv_system_diagram
Thu Feb  8 17:48:22 2024: SESSION_MGR: creating session with session uuid: '9db5118c-2011-473d-9847-12ce325be58a' and name 'link'
Thu Feb  8 17:48:22 2024: KERNEL_SVC: creating session with uuid: '9db5118c-2011-473d-9847-12ce325be58a' and name 'link'
Thu Feb  8 17:48:22 2024: GUIDANCE_SMGR: creating guidance session with uuid: '9db5118c-2011-473d-9847-12ce325be58a' and name 'link'
Thu Feb  8 17:48:22 2024: SYSTEM_DIAGRAM: creating session with uuid: '9db5118c-2011-473d-9847-12ce325be58a' and name 'link'
Thu Feb  8 17:48:40 2024: SESSION_MGR: closing session for UUID '9db5118c-2011-473d-9847-12ce325be58a' with name 'link'
Thu Feb  8 17:48:40 2024: KERNEL_SVC: closing session for UUID '9db5118c-2011-473d-9847-12ce325be58a' with name 'link'
Thu Feb  8 17:48:40 2024: GUIDANCE_SMGR: closing session for UUID '9db5118c-2011-473d-9847-12ce325be58a' with name 'link'
Thu Feb  8 17:48:40 2024: SYSTEM_DIAGRAM: closing session for UUID '9db5118c-2011-473d-9847-12ce325be58a' with name 'link'
Thu Feb  8 17:48:40 2024: STOP_SERVER received, server token: a20755ce-0cbf-4022-96fb-97f110e0152e, passed token: a20755ce-0cbf-4022-96fb-97f110e0152e
Thu Feb  8 17:48:40 2024: Socket received request to stop server.
Thu Feb  8 17:48:40 2024: Dispatch Server: do_await_stop
Thu Feb  8 17:48:40 2024: Dispatch Server: stopping mainFifo_
Thu Feb  8 17:48:40 2024: XCD main fifo: Stopping
Thu Feb  8 17:48:40 2024: XCD main fifo: do_read error code: Operation canceled
Thu Feb  8 17:48:40 2024: XCD main fifo: bytes_transferred: 0
Thu Feb  8 17:48:40 2024: SERVER: destructor for server bound to port 34525
Thu Feb  8 17:48:40 2024: XCD main fifo: Good unlink of /tmp/xcdmaina20755ce-0cbf-4022-96fb-97f110e0152e
Thu Feb  8 17:48:40 2024: Server exiting with status 0.
Thu Feb  8 17:48:40 2024: Closing log file.
Thu Feb  8 17:52:33 2024: Running xcd server. This server was built by gradle.
Thu Feb  8 17:52:33 2024: Server was asked to start on port: '44157'
Thu Feb  8 17:52:33 2024: Server is using token UUID: '47a82561-4ce8-463a-96f5-866c07110b95'
Thu Feb  8 17:52:33 2024: SESSION_MGR: creating session with session uuid: '6d04a3e9-ade5-4ab9-8d63-1f78fcd2ec76' and name 'default'
Thu Feb  8 17:52:33 2024: Attempting to start server on port '44157'
Thu Feb  8 17:52:33 2024: XCD main fifo: created main fifo '/tmp/xcdmain47a82561-4ce8-463a-96f5-866c07110b95', fd read = 14
Thu Feb  8 17:52:33 2024: Running Dispatch Server
Thu Feb  8 17:52:33 2024: Version 2.2.0
Thu Feb  8 17:52:40 2024: Dispatch Server: Accepted socket connection from client
Thu Feb  8 17:52:40 2024: Starting Socket connection
Thu Feb  8 17:52:40 2024: EXCHANGE_TOKEN received, server token: 47a82561-4ce8-463a-96f5-866c07110b95, passed token: 47a82561-4ce8-463a-96f5-866c07110b95
Thu Feb  8 17:52:41 2024: DISPATCH_HANDLER: Adding handler from function makeHandler in library libxv_system_diagram
Thu Feb  8 17:52:41 2024: SESSION_MGR: creating session with session uuid: '919ae541-297f-4640-ba90-76ed3a056f40' and name 'link'
Thu Feb  8 17:52:41 2024: KERNEL_SVC: creating session with uuid: '919ae541-297f-4640-ba90-76ed3a056f40' and name 'link'
Thu Feb  8 17:52:41 2024: GUIDANCE_SMGR: creating guidance session with uuid: '919ae541-297f-4640-ba90-76ed3a056f40' and name 'link'
Thu Feb  8 17:52:41 2024: SYSTEM_DIAGRAM: creating session with uuid: '919ae541-297f-4640-ba90-76ed3a056f40' and name 'link'
Thu Feb  8 17:52:59 2024: SESSION_MGR: closing session for UUID '919ae541-297f-4640-ba90-76ed3a056f40' with name 'link'
Thu Feb  8 17:52:59 2024: KERNEL_SVC: closing session for UUID '919ae541-297f-4640-ba90-76ed3a056f40' with name 'link'
Thu Feb  8 17:52:59 2024: GUIDANCE_SMGR: closing session for UUID '919ae541-297f-4640-ba90-76ed3a056f40' with name 'link'
Thu Feb  8 17:52:59 2024: SYSTEM_DIAGRAM: closing session for UUID '919ae541-297f-4640-ba90-76ed3a056f40' with name 'link'
Thu Feb  8 17:52:59 2024: STOP_SERVER received, server token: 47a82561-4ce8-463a-96f5-866c07110b95, passed token: 47a82561-4ce8-463a-96f5-866c07110b95
Thu Feb  8 17:52:59 2024: Socket received request to stop server.
Thu Feb  8 17:52:59 2024: Dispatch Server: do_await_stop
Thu Feb  8 17:52:59 2024: Dispatch Server: stopping mainFifo_
Thu Feb  8 17:52:59 2024: XCD main fifo: Stopping
Thu Feb  8 17:52:59 2024: XCD main fifo: do_read error code: Operation canceled
Thu Feb  8 17:52:59 2024: XCD main fifo: bytes_transferred: 0
Thu Feb  8 17:52:59 2024: SERVER: destructor for server bound to port 44157
Thu Feb  8 17:52:59 2024: XCD main fifo: Good unlink of /tmp/xcdmain47a82561-4ce8-463a-96f5-866c07110b95
Thu Feb  8 17:52:59 2024: Server exiting with status 0.
Thu Feb  8 17:52:59 2024: Closing log file.
Thu Feb  8 18:26:58 2024: Running xcd server. This server was built by gradle.
Thu Feb  8 18:26:58 2024: Server was asked to start on port: '33137'
Thu Feb  8 18:26:58 2024: Server is using token UUID: '28ece474-f7ff-460f-beb7-5f168b3b799e'
Thu Feb  8 18:26:58 2024: SESSION_MGR: creating session with session uuid: '6d04a3e9-ade5-4ab9-8d63-1f78fcd2ec76' and name 'default'
Thu Feb  8 18:26:58 2024: Attempting to start server on port '33137'
Thu Feb  8 18:26:58 2024: XCD main fifo: created main fifo '/tmp/xcdmain28ece474-f7ff-460f-beb7-5f168b3b799e', fd read = 14
Thu Feb  8 18:26:58 2024: Running Dispatch Server
Thu Feb  8 18:26:58 2024: Version 2.2.0
Thu Feb  8 18:27:05 2024: Dispatch Server: Accepted socket connection from client
Thu Feb  8 18:27:05 2024: Starting Socket connection
Thu Feb  8 18:27:05 2024: EXCHANGE_TOKEN received, server token: 28ece474-f7ff-460f-beb7-5f168b3b799e, passed token: 28ece474-f7ff-460f-beb7-5f168b3b799e
Thu Feb  8 18:27:06 2024: DISPATCH_HANDLER: Adding handler from function makeHandler in library libxv_system_diagram
Thu Feb  8 18:27:06 2024: SESSION_MGR: creating session with session uuid: '77151fd7-5674-4d93-b148-93a9d99b80a1' and name 'link'
Thu Feb  8 18:27:06 2024: KERNEL_SVC: creating session with uuid: '77151fd7-5674-4d93-b148-93a9d99b80a1' and name 'link'
Thu Feb  8 18:27:06 2024: GUIDANCE_SMGR: creating guidance session with uuid: '77151fd7-5674-4d93-b148-93a9d99b80a1' and name 'link'
Thu Feb  8 18:27:06 2024: SYSTEM_DIAGRAM: creating session with uuid: '77151fd7-5674-4d93-b148-93a9d99b80a1' and name 'link'
Thu Feb  8 18:27:23 2024: SESSION_MGR: closing session for UUID '77151fd7-5674-4d93-b148-93a9d99b80a1' with name 'link'
Thu Feb  8 18:27:23 2024: KERNEL_SVC: closing session for UUID '77151fd7-5674-4d93-b148-93a9d99b80a1' with name 'link'
Thu Feb  8 18:27:23 2024: GUIDANCE_SMGR: closing session for UUID '77151fd7-5674-4d93-b148-93a9d99b80a1' with name 'link'
Thu Feb  8 18:27:23 2024: SYSTEM_DIAGRAM: closing session for UUID '77151fd7-5674-4d93-b148-93a9d99b80a1' with name 'link'
Thu Feb  8 18:27:23 2024: STOP_SERVER received, server token: 28ece474-f7ff-460f-beb7-5f168b3b799e, passed token: 28ece474-f7ff-460f-beb7-5f168b3b799e
Thu Feb  8 18:27:23 2024: Socket received request to stop server.
Thu Feb  8 18:27:23 2024: Dispatch Server: do_await_stop
Thu Feb  8 18:27:23 2024: Dispatch Server: stopping mainFifo_
Thu Feb  8 18:27:23 2024: XCD main fifo: Stopping
Thu Feb  8 18:27:23 2024: XCD main fifo: do_read error code: Operation canceled
Thu Feb  8 18:27:23 2024: XCD main fifo: bytes_transferred: 0
Thu Feb  8 18:27:23 2024: SERVER: destructor for server bound to port 33137
Thu Feb  8 18:27:23 2024: XCD main fifo: Good unlink of /tmp/xcdmain28ece474-f7ff-460f-beb7-5f168b3b799e
Thu Feb  8 18:27:23 2024: Server exiting with status 0.
Thu Feb  8 18:27:23 2024: Closing log file.
