INFO: [v++ 60-1306] Additional information associated with this v++ compile can be found at:
	Reports: /home/zohra/MyWorkspace/host_python_demo/sorting_big_data_kernels/Emulation-SW/build/reports/vadd
	Log files: /home/zohra/MyWorkspace/host_python_demo/sorting_big_data_kernels/Emulation-SW/build/logs/vadd
INFO: [v++ 60-1548] Creating build summary session with primary output /home/zohra/MyWorkspace/host_python_demo/sorting_big_data_kernels/Emulation-SW/build/vadd.xo.compile_summary, at Thu Feb  8 17:46:12 2024
INFO: [v++ 60-1316] Initiating connection to rulecheck server, at Thu Feb  8 17:46:12 2024
INFO: [v++ 60-895]   Target platform: /opt/xilinx/platforms/xilinx_u250_gen3x16_xdma_2_1_202010_1/xilinx_u250_gen3x16_xdma_2_1_202010_1.xpfm
INFO: [v++ 60-1578]   This platform contains Xilinx Shell Archive '/opt/xilinx/platforms/xilinx_u250_gen3x16_xdma_2_1_202010_1/hw/hw.xsa'
INFO: [v++ 74-78] Compiler Version string: 2022.1
INFO: [v++ 60-1302] Platform 'xilinx_u250_gen3x16_xdma_2_1_202010_1.xpfm' has been explicitly enabled for this release.
INFO: [v++ 60-585] Compiling for software emulation target
INFO: [v++ 60-423]   Target device: xilinx_u250_gen3x16_xdma_2_1_202010_1
INFO: [v++ 60-242] Creating kernel: 'vadd'

===>The following messages were generated while  performing high-level synthesis for kernel: vadd Log file: /home/zohra/MyWorkspace/host_python_demo/sorting_big_data_kernels/Emulation-SW/build/vadd/vadd/vitis_hls.log :
ERROR: [v++ 207-3801] unknown type name 'is' (/home/zohra/MyWorkspace/host_python_demo/sorting_big_data_kernels/src/vadd.cpp:316:4)
ERROR: [v++ 207-1263] expected ';' after top level declarator (/home/zohra/MyWorkspace/host_python_demo/sorting_big_data_kernels/src/vadd.cpp:316:18)
ERROR: [v++ 207-2371] conflicting types for 'vadd' (/home/zohra/MyWorkspace/host_python_demo/sorting_big_data_kernels/src/vadd.cpp:409:6)
ERROR: [v++ 60-300] Failed to build kernel(ip) vadd, see log for details: /home/zohra/MyWorkspace/host_python_demo/sorting_big_data_kernels/Emulation-SW/build/vadd/vadd/vitis_hls.log
ERROR: [v++ 60-773] In '/home/zohra/MyWorkspace/host_python_demo/sorting_big_data_kernels/Emulation-SW/build/vadd/vadd/vitis_hls.log', caught Tcl error: ERROR: [HLS 207-3801] unknown type name 'is' (/home/zohra/MyWorkspace/host_python_demo/sorting_big_data_kernels/src/vadd.cpp:316:4)
ERROR: [v++ 60-773] In '/home/zohra/MyWorkspace/host_python_demo/sorting_big_data_kernels/Emulation-SW/build/vadd/vadd/vitis_hls.log', caught Tcl error: ERROR: [HLS 207-1263] expected ';' after top level declarator (/home/zohra/MyWorkspace/host_python_demo/sorting_big_data_kernels/src/vadd.cpp:316:18)
ERROR: [v++ 60-773] In '/home/zohra/MyWorkspace/host_python_demo/sorting_big_data_kernels/Emulation-SW/build/vadd/vadd/vitis_hls.log', caught Tcl error: ERROR: [HLS 207-2371] conflicting types for 'vadd' (/home/zohra/MyWorkspace/host_python_demo/sorting_big_data_kernels/src/vadd.cpp:409:6)
ERROR: [v++ 60-599] Kernel compilation failed to complete
ERROR: [v++ 60-592] Failed to finish compilation
INFO: [v++ 60-1653] Closing dispatch client.
