XRT Build Version: 2.13.479 (2022.1)
       Build Date: 2022-06-25 02:04:47
          Hash ID: 5e92a513c6950e79638b1a879ddb882da34fc683
Creating a default 'in-memory' xclbin image.

Section: 'BITSTREAM'(0) was successfully added.
Size   : 483312 bytes
Format : RAW
File   : '/home/zohra/MyWorkspace/host_python_demo/sorting_big_data_system_hw_link/Emulation-SW/vadd.build/link/int/vadd.so'

Section: 'MEM_TOPOLOGY'(6) was successfully added.
Format : JSON
File   : 'mem_topology'

Section: 'IP_LAYOUT'(8) was successfully added.
Format : JSON
File   : 'ip_layout'

Section: 'CONNECTIVITY'(7) was successfully added.
Format : JSON
File   : 'connectivity'
WARNING: Skipping CLOCK_FREQ_TOPOLOGY section for count size is zero.
WARNING: Section 'CLOCK_FREQ_TOPOLOGY' content is empty.  No data in the given JSON file.

Section: 'CLOCK_FREQ_TOPOLOGY'(11) was empty.  No action taken.
Format : JSON
File   : '/home/zohra/MyWorkspace/host_python_demo/sorting_big_data_system_hw_link/Emulation-SW/vadd.build/link/int/vadd_xml.rtd'

Section: 'BUILD_METADATA'(14) was successfully added.
Size   : 2492 bytes
Format : JSON
File   : '/home/zohra/MyWorkspace/host_python_demo/sorting_big_data_system_hw_link/Emulation-SW/vadd.build/link/int/vadd_build.rtd'

Section: 'EMBEDDED_METADATA'(2) was successfully added.
Size   : 2714 bytes
Format : RAW
File   : '/home/zohra/MyWorkspace/host_python_demo/sorting_big_data_system_hw_link/Emulation-SW/vadd.build/link/int/vadd.xml'

Section: 'DEBUG_DATA'(4) was successfully added.
Size   : 0 bytes
Format : RAW
File   : '/dev/null'

Section: 'SYSTEM_METADATA'(22) was successfully added.
Size   : 6682 bytes
Format : RAW
File   : '/home/zohra/MyWorkspace/host_python_demo/sorting_big_data_system_hw_link/Emulation-SW/vadd.build/link/int/systemDiagramModel.json'

Section: 'PARTITION_METADATA'(20) was successfully appended to.
Format : JSON
File   : 'partition_metadata'

Section: 'IP_LAYOUT'(8) was successfully appended to.
Format : JSON
File   : 'ip_layout'
Successfully wrote (510106 bytes) to the output file: /home/zohra/MyWorkspace/host_python_demo/sorting_big_data_system_hw_link/Emulation-SW/vadd.xclbin
Leaving xclbinutil.
