18:39:10 **** Incremental Build of configuration Emulation-SW for project sorting_big_data ****
make -j4 all 
make: Nothing to be done for 'all'.
18:39:15 **** Incremental Build of configuration Emulation-SW for project sorting_big_data_kernels ****
make -j4 all 
make: Nothing to be done for 'all'.
18:39:17 **** Incremental Build of configuration Emulation-SW for project sorting_big_data_system_hw_link ****
make all 
make: Nothing to be done for 'all'.
18:39:19 **** Incremental Build of configuration Emulation-SW for project sorting_big_data_system ****
make all 
/home/zohra/Vitis/2022.1/bin/v++ --package --config package.cfg ../../sorting_big_data_system_hw_link/Emulation-SW/vadd.xclbin -o vadd.xclbin
Option Map File Used: '/home/zohra/Vitis/2022.1/data/vitis/vpp/optMap.xml'

****** v++ v2022.1 (64-bit)
  **** SW Build 3524075 on 2022-04-13-17:42:45
    ** Copyright 1986-2022 Xilinx, Inc. All Rights Reserved.

INFO: [v++ 60-1306] Additional information associated with this v++ package can be found at:
	Reports: /home/zohra/MyWorkspace/host_python_demo/sorting_big_data_system/Emulation-SW/package.build/reports/package
	Log files: /home/zohra/MyWorkspace/host_python_demo/sorting_big_data_system/Emulation-SW/package.build/logs/package
Running Dispatch Server on port: 43463
INFO: [v++ 60-1548] Creating build summary session with primary output /home/zohra/MyWorkspace/host_python_demo/sorting_big_data_system/Emulation-SW/vadd.xclbin.package_summary, at Thu Feb  8 18:39:33 2024
INFO: [v++ 60-1316] Initiating connection to rulecheck server, at Thu Feb  8 18:39:33 2024
INFO: [v++ 60-1315] Creating rulecheck session with output '/home/zohra/MyWorkspace/host_python_demo/sorting_big_data_system/Emulation-SW/package.build/reports/package/v++_package_vadd_guidance.html', at Thu Feb  8 18:39:37 2024
INFO: [v++ 60-895]   Target platform: /opt/xilinx/platforms/xilinx_u250_gen3x16_xdma_2_1_202010_1/xilinx_u250_gen3x16_xdma_2_1_202010_1.xpfm
INFO: [v++ 60-1578]   This platform contains Xilinx Shell Archive '/opt/xilinx/platforms/xilinx_u250_gen3x16_xdma_2_1_202010_1/hw/hw.xsa'
INFO: [v++ 74-78] Compiler Version string: 2022.1
INFO: [v++ 60-1302] Platform 'xilinx_u250_gen3x16_xdma_2_1_202010_1.xpfm' has been explicitly enabled for this release.
INFO: [v++ 60-2256] Packaging for software emulation
INFO: [v++ 60-2460] Successfully copied a temporary xclbin to the output xclbin: /home/zohra/MyWorkspace/host_python_demo/sorting_big_data_system/Emulation-SW/vadd.xclbin
INFO: [v++ 60-2343] Use the vitis_analyzer tool to visualize and navigate the relevant reports. Run the following command. 
    vitis_analyzer /home/zohra/MyWorkspace/host_python_demo/sorting_big_data_system/Emulation-SW/vadd.xclbin.package_summary 
INFO: [v++ 60-791] Total elapsed time: 0h 0m 22s
INFO: [v++ 60-1653] Closing dispatch client.
cp -f vadd.xclbin ../../sorting_big_data/Emulation-SW
