18:26:48 **** Incremental Build of configuration Emulation-SW for project sorting_big_data_system_hw_link ****
make all 
/home/zohra/Vitis/2022.1/bin/v++ --target sw_emu --link --config vadd-link.cfg -o"vadd.xclbin" ../../sorting_big_data_kernels/Emulation-SW/build/vadd.xo
Option Map File Used: '/home/zohra/Vitis/2022.1/data/vitis/vpp/optMap.xml'

****** v++ v2022.1 (64-bit)
  **** SW Build 3524075 on 2022-04-13-17:42:45
    ** Copyright 1986-2022 Xilinx, Inc. All Rights Reserved.

INFO: [v++ 60-1306] Additional information associated with this v++ link can be found at:
	Reports: /home/zohra/MyWorkspace/host_python_demo/sorting_big_data_system_hw_link/Emulation-SW/vadd.build/reports/link
	Log files: /home/zohra/MyWorkspace/host_python_demo/sorting_big_data_system_hw_link/Emulation-SW/vadd.build/logs/link
Running Dispatch Server on port: 33137
INFO: [v++ 60-1548] Creating build summary session with primary output /home/zohra/MyWorkspace/host_python_demo/sorting_big_data_system_hw_link/Emulation-SW/vadd.xclbin.link_summary, at Thu Feb  8 18:27:06 2024
INFO: [v++ 60-1316] Initiating connection to rulecheck server, at Thu Feb  8 18:27:06 2024
INFO: [v++ 60-895]   Target platform: /opt/xilinx/platforms/xilinx_u250_gen3x16_xdma_2_1_202010_1/xilinx_u250_gen3x16_xdma_2_1_202010_1.xpfm
INFO: [v++ 60-1578]   This platform contains Xilinx Shell Archive '/opt/xilinx/platforms/xilinx_u250_gen3x16_xdma_2_1_202010_1/hw/hw.xsa'
INFO: [v++ 74-78] Compiler Version string: 2022.1
INFO: [v++ 60-1302] Platform 'xilinx_u250_gen3x16_xdma_2_1_202010_1.xpfm' has been explicitly enabled for this release.
INFO: [v++ 60-629] Linking for software emulation target
INFO: [v++ 60-423]   Target device: xilinx_u250_gen3x16_xdma_2_1_202010_1
INFO: [v++ 60-645] kernel flags are '-g -I /home/zohra/MyWorkspace/host_python_demo/sorting_big_data_kernels/src -I /home/zohra/Vitis_Libraries-2022.1/database/L1/include/sw -I /home/zohra/Vitis_Libraries-2022.1/database/L1/include/hw -I /home/zohra/Vitis_Libraries-2022.1/utils -g'
INFO: [v++ 60-586] Created vadd.xclbin
INFO: [v++ 60-1307] Run completed. Additional information can be found in:
	Steps Log File: /home/zohra/MyWorkspace/host_python_demo/sorting_big_data_system_hw_link/Emulation-SW/vadd.build/logs/link/link.steps.log

INFO: [v++ 60-2343] Use the vitis_analyzer tool to visualize and navigate the relevant reports. Run the following command. 
    vitis_analyzer /home/zohra/MyWorkspace/host_python_demo/sorting_big_data_system_hw_link/Emulation-SW/vadd.xclbin.link_summary 
INFO: [v++ 60-791] Total elapsed time: 0h 0m 29s
INFO: [v++ 60-1653] Closing dispatch client.

18:27:23 Build Finished (took 35s.452ms)

